c:\users\user\documents\6.837\term project\build\vecmath\vecmath.dir\debug\vecmath.pdb
c:\users\user\documents\6.837\term project\build\vecmath\vecmath.dir\debug\vector4f.obj
c:\users\user\documents\6.837\term project\build\vecmath\vecmath.dir\debug\vector3f.obj
c:\users\user\documents\6.837\term project\build\vecmath\vecmath.dir\debug\vector2f.obj
c:\users\user\documents\6.837\term project\build\vecmath\vecmath.dir\debug\quat4f.obj
c:\users\user\documents\6.837\term project\build\vecmath\vecmath.dir\debug\matrix4f.obj
c:\users\user\documents\6.837\term project\build\vecmath\vecmath.dir\debug\matrix3f.obj
c:\users\user\documents\6.837\term project\build\vecmath\vecmath.dir\debug\matrix2f.obj
c:\users\user\documents\6.837\term project\build\vecmath\cmakefiles\generate.stamp
c:\users\user\documents\6.837\term project\build\vecmath\debug\vecmath.lib
c:\users\user\documents\6.837\term project\build\vecmath\debug\vecmath.pdb
c:\users\user\documents\6.837\term project\build\vecmath\vecmath.dir\debug\vecmath.tlog\cl.command.1.tlog
c:\users\user\documents\6.837\term project\build\vecmath\vecmath.dir\debug\vecmath.tlog\cl.read.1.tlog
c:\users\user\documents\6.837\term project\build\vecmath\vecmath.dir\debug\vecmath.tlog\cl.write.1.tlog
c:\users\user\documents\6.837\term project\build\vecmath\vecmath.dir\debug\vecmath.tlog\custombuild.command.1.tlog
c:\users\user\documents\6.837\term project\build\vecmath\vecmath.dir\debug\vecmath.tlog\custombuild.read.1.tlog
c:\users\user\documents\6.837\term project\build\vecmath\vecmath.dir\debug\vecmath.tlog\custombuild.write.1.tlog
c:\users\user\documents\6.837\term project\build\vecmath\vecmath.dir\debug\vecmath.tlog\lib-link.read.1.tlog
c:\users\user\documents\6.837\term project\build\vecmath\vecmath.dir\debug\vecmath.tlog\lib-link.write.1.tlog
c:\users\user\documents\6.837\term project\build\vecmath\vecmath.dir\debug\vecmath.tlog\lib.command.1.tlog
